#
# There is insufficient memory for the Java Runtime Environment to continue.
# Native memory allocation (malloc) failed to allocate 32744 bytes for ChunkPool::allocate
# Possible reasons:
#   The system is out of physical RAM or swap space
#   In 32 bit mode, the process size limit was hit
# Possible solutions:
#   Reduce memory load on the system
#   Increase physical memory or swap space
#   Check if swap backing store is full
#   Use 64 bit Java on a 64 bit OS
#   Decrease Java heap size (-Xmx/-Xms)
#   Decrease number of Java threads
#   Decrease Java thread stack sizes (-Xss)
#   Set larger code cache with -XX:ReservedCodeCacheSize=
# This output file may be truncated or incomplete.
#
#  Out of Memory Error (allocation.cpp:273), pid=7424, tid=0x0000000000000b50
#
# JRE version: Java(TM) SE Runtime Environment (8.0_111-b14) (build 1.8.0_111-b14)
# Java VM: Java HotSpot(TM) 64-Bit Server VM (25.111-b14 mixed mode windows-amd64 compressed oops)
# Failed to write core dump. Minidumps are not enabled by default on client versions of Windows
#

---------------  T H R E A D  ---------------

Current thread (0x0000000015968800):  JavaThread "C1 CompilerThread2" daemon [_thread_in_native, id=2896, stack(0x00000000171c0000,0x00000000172c0000)]

Stack: [0x00000000171c0000,0x00000000172c0000]
[error occurred during error reporting (printing stack bounds), id 0xc0000005]

Native frames: (J=compiled Java code, j=interpreted, Vv=VM code, C=native code)


Current CompileTask:
C1:4382079 1229       3       java.awt.Component::dispatchEventImpl (883 bytes)


---------------  P R O C E S S  ---------------

Java Threads: ( => current thread )
  0x0000000017ec4800 JavaThread "TimerQueue" daemon [_thread_blocked, id=14788, stack(0x000000001c430000,0x000000001c530000)]
  0x0000000017e95000 JavaThread "D3D Screen Updater" daemon [_thread_blocked, id=11572, stack(0x000000001abb0000,0x000000001acb0000)]
  0x0000000017de7800 JavaThread "Abandoned connection cleanup thread" daemon [_thread_blocked, id=13248, stack(0x000000001a170000,0x000000001a270000)]
  0x00000000031e0800 JavaThread "DestroyJavaVM" [_thread_blocked, id=160, stack(0x00000000030e0000,0x00000000031e0000)]
  0x0000000017d16800 JavaThread "AWT-EventQueue-0" [_thread_blocked, id=13288, stack(0x0000000018970000,0x0000000018a70000)]
  0x0000000017d12800 JavaThread "AWT-Windows" daemon [_thread_in_native, id=10712, stack(0x00000000186c0000,0x00000000187c0000)]
  0x0000000017d10000 JavaThread "AWT-Shutdown" [_thread_blocked, id=13388, stack(0x00000000185c0000,0x00000000186c0000)]
  0x0000000017d0f800 JavaThread "Java2D Disposer" daemon [_thread_blocked, id=11736, stack(0x00000000184c0000,0x00000000185c0000)]
  0x00000000172e0800 JavaThread "Service Thread" daemon [_thread_blocked, id=15220, stack(0x00000000176c0000,0x00000000177c0000)]
=>0x0000000015968800 JavaThread "C1 CompilerThread2" daemon [_thread_in_native, id=2896, stack(0x00000000171c0000,0x00000000172c0000)]
  0x0000000015960000 JavaThread "C2 CompilerThread1" daemon [_thread_blocked, id=13628, stack(0x00000000170c0000,0x00000000171c0000)]
  0x000000001595d000 JavaThread "C2 CompilerThread0" daemon [_thread_blocked, id=9540, stack(0x0000000016fc0000,0x00000000170c0000)]
  0x000000001595b800 JavaThread "Attach Listener" daemon [_thread_blocked, id=11776, stack(0x0000000016ec0000,0x0000000016fc0000)]
  0x000000001595a800 JavaThread "Signal Dispatcher" daemon [_thread_blocked, id=2528, stack(0x0000000016dc0000,0x0000000016ec0000)]
  0x00000000032da000 JavaThread "Finalizer" daemon [_thread_blocked, id=10928, stack(0x0000000016bc0000,0x0000000016cc0000)]
  0x00000000032cf000 JavaThread "Reference Handler" daemon [_thread_blocked, id=5536, stack(0x0000000016ac0000,0x0000000016bc0000)]

Other Threads:
  0x0000000015927800 VMThread [stack: 0x00000000169c0000,0x0000000016ac0000] [id=9620]
  0x0000000017304000 WatcherThread [stack: 0x0000000017bc0000,0x0000000017cc0000] [id=6736]

VM state:not at safepoint (normal execution)

VM Mutex/Monitor currently owned by a thread: None

Heap:
 PSYoungGen      total 18944K, used 5309K [0x00000000ead80000, 0x00000000ec280000, 0x0000000100000000)
  eden space 16384K, 16% used [0x00000000ead80000,0x00000000eb037720,0x00000000ebd80000)
  from space 2560K, 98% used [0x00000000ebd80000,0x00000000ebff8070,0x00000000ec000000)
  to   space 2560K, 0% used [0x00000000ec000000,0x00000000ec000000,0x00000000ec280000)
 ParOldGen       total 44032K, used 2153K [0x00000000c0800000, 0x00000000c3300000, 0x00000000ead80000)
  object space 44032K, 4% used [0x00000000c0800000,0x00000000c0a1a7f8,0x00000000c3300000)
 Metaspace       used 15485K, capacity 15726K, committed 15872K, reserved 1062912K
  class space    used 1953K, capacity 2038K, committed 2048K, reserved 1048576K

Card table byte_map: [0x00000000126a0000,0x00000000128a0000] byte_map_base: 0x000000001209c000

Marking Bits: (ParMarkBitMap*) 0x000000006bfca6c0
 Begin Bits: [0x0000000012e00000, 0x0000000013de0000)
 End Bits:   [0x0000000013de0000, 0x0000000014dc0000)

Polling page: 0x0000000002fb0000

CodeCache: size=245760Kb used=3958Kb max_used=3968Kb free=241801Kb
 bounds [0x00000000032e0000, 0x00000000036d0000, 0x00000000122e0000]
 total_blobs=1808 nmethods=1224 adapters=496
 compilation: enabled

Compilation events (10 events):
Event: 4377.390 Thread 0x0000000015968800 nmethod 1223 0x00000000036be850 code [0x00000000036be9a0, 0x00000000036beab0]
Event: 4380.024 Thread 0x0000000015968800 1224       3       java.awt.EventQueue::postEvent (13 bytes)
Event: 4380.025 Thread 0x0000000015968800 nmethod 1224 0x00000000036be110 code [0x00000000036be2a0, 0x00000000036be6a8]
Event: 4380.507 Thread 0x0000000015968800 1225       3       sun.awt.SunToolkit::wakeupEventQueue (11 bytes)
Event: 4380.553 Thread 0x0000000015968800 nmethod 1225 0x00000000036bd990 code [0x00000000036bdb20, 0x00000000036bdf18]
Event: 4380.553 Thread 0x0000000015968800 1226   !   3       sun.awt.PostEventQueue::postEvent (81 bytes)
Event: 4380.596 Thread 0x0000000015968800 nmethod 1226 0x00000000036bc9d0 code [0x00000000036bcba0, 0x00000000036bd4f8]
Event: 4380.597 Thread 0x0000000015968800 1227   !   3       java.awt.EventQueue::wakeup (79 bytes)
Event: 4380.598 Thread 0x0000000015968800 nmethod 1227 0x00000000036c0d90 code [0x00000000036c0fa0, 0x00000000036c1818]
Event: 4380.598 Thread 0x0000000015968800 1229       3       java.awt.Component::dispatchEventImpl (883 bytes)

GC Heap History (2 events):
Event: 4370.150 GC heap before
{Heap before GC invocations=1 (full 0):
 PSYoungGen      total 18944K, used 16278K [0x00000000ead80000, 0x00000000ec280000, 0x0000000100000000)
  eden space 16384K, 99% used [0x00000000ead80000,0x00000000ebd65bf0,0x00000000ebd80000)
  from space 2560K, 0% used [0x00000000ec000000,0x00000000ec000000,0x00000000ec280000)
  to   space 2560K, 0% used [0x00000000ebd80000,0x00000000ebd80000,0x00000000ec000000)
 ParOldGen       total 44032K, used 0K [0x00000000c0800000, 0x00000000c3300000, 0x00000000ead80000)
  object space 44032K, 0% used [0x00000000c0800000,0x00000000c0800000,0x00000000c3300000)
 Metaspace       used 15463K, capacity 15662K, committed 15872K, reserved 1062912K
  class space    used 1953K, capacity 2038K, committed 2048K, reserved 1048576K
Event: 4373.764 GC heap after
Heap after GC invocations=1 (full 0):
 PSYoungGen      total 18944K, used 2528K [0x00000000ead80000, 0x00000000ec280000, 0x0000000100000000)
  eden space 16384K, 0% used [0x00000000ead80000,0x00000000ead80000,0x00000000ebd80000)
  from space 2560K, 98% used [0x00000000ebd80000,0x00000000ebff8070,0x00000000ec000000)
  to   space 2560K, 0% used [0x00000000ec000000,0x00000000ec000000,0x00000000ec280000)
 ParOldGen       total 44032K, used 2153K [0x00000000c0800000, 0x00000000c3300000, 0x00000000ead80000)
  object space 44032K, 4% used [0x00000000c0800000,0x00000000c0a1a7f8,0x00000000c3300000)
 Metaspace       used 15463K, capacity 15662K, committed 15872K, reserved 1062912K
  class space    used 1953K, capacity 2038K, committed 2048K, reserved 1048576K
}

Deoptimization events (9 events):
Event: 0.637 Thread 0x0000000017d16800 Uncommon trap: reason=unstable_if action=reinterpret pc=0x00000000034d6ef8 method=java.util.Properties$LineReader.readLine()I @ 252
Event: 0.638 Thread 0x0000000017d16800 Uncommon trap: reason=unstable_if action=reinterpret pc=0x00000000034d4b70 method=java.util.Properties.loadConvert([CII[C)Ljava/lang/String; @ 4
Event: 0.702 Thread 0x0000000017d16800 Uncommon trap: reason=unstable_if action=reinterpret pc=0x0000000003522270 method=java.util.Properties$LineReader.readLine()I @ 174
Event: 8.447 Thread 0x0000000017d16800 Uncommon trap: reason=class_check action=maybe_recompile pc=0x000000000345425c method=java.lang.String.equals(Ljava/lang/Object;)Z @ 8
Event: 8.447 Thread 0x0000000017d16800 Uncommon trap: reason=class_check action=maybe_recompile pc=0x000000000345425c method=java.lang.String.equals(Ljava/lang/Object;)Z @ 8
Event: 8.512 Thread 0x0000000017d16800 Uncommon trap: reason=class_check action=maybe_recompile pc=0x000000000345425c method=java.lang.String.equals(Ljava/lang/Object;)Z @ 8
Event: 8.512 Thread 0x0000000017d16800 Uncommon trap: reason=class_check action=maybe_recompile pc=0x000000000345425c method=java.lang.String.equals(Ljava/lang/Object;)Z @ 8
Event: 4373.849 Thread 0x0000000017de7800 Uncommon trap: reason=unstable_if action=reinterpret pc=0x00000000036a72f8 method=java.lang.ref.ReferenceQueue.reallyPoll()Ljava/lang/ref/Reference; @ 6
Event: 4373.849 Thread 0x0000000017d0f800 Uncommon trap: reason=unstable_if action=reinterpret pc=0x00000000036a5c18 method=java.lang.ref.ReferenceQueue.reallyPoll()Ljava/lang/ref/Reference; @ 6

Internal exceptions (10 events):
Event: 0.048 Thread 0x00000000031e0800 Exception <a 'java/lang/NoSuchMethodError': Method sun.misc.Unsafe.prefetchRead(Ljava/lang/Object;J)V name or signature does not match> (0x00000000ead87f60) thrown at [C:\re\workspace\8-2-build-windows-amd64-cygwin\jdk8u111\7883\hotspot\src\share\vm\prims
Event: 0.104 Thread 0x00000000031e0800 Exception <a 'java/io/FileNotFoundException'> (0x00000000eaddcdc0) thrown at [C:\re\workspace\8-2-build-windows-amd64-cygwin\jdk8u111\7883\hotspot\src\share\vm\prims\jni.cpp, line 709]
Event: 0.137 Thread 0x00000000031e0800 Exception <a 'java/security/PrivilegedActionException'> (0x00000000eae0e1a8) thrown at [C:\re\workspace\8-2-build-windows-amd64-cygwin\jdk8u111\7883\hotspot\src\share\vm\prims\jvm.cpp, line 1386]
Event: 0.137 Thread 0x00000000031e0800 Exception <a 'java/security/PrivilegedActionException'> (0x00000000eae0e3b8) thrown at [C:\re\workspace\8-2-build-windows-amd64-cygwin\jdk8u111\7883\hotspot\src\share\vm\prims\jvm.cpp, line 1386]
Event: 0.138 Thread 0x00000000031e0800 Exception <a 'java/security/PrivilegedActionException'> (0x00000000eae12000) thrown at [C:\re\workspace\8-2-build-windows-amd64-cygwin\jdk8u111\7883\hotspot\src\share\vm\prims\jvm.cpp, line 1386]
Event: 0.138 Thread 0x00000000031e0800 Exception <a 'java/security/PrivilegedActionException'> (0x00000000eae12210) thrown at [C:\re\workspace\8-2-build-windows-amd64-cygwin\jdk8u111\7883\hotspot\src\share\vm\prims\jvm.cpp, line 1386]
Event: 0.171 Thread 0x00000000031e0800 Exception <a 'java/io/FileNotFoundException'> (0x00000000eae85230) thrown at [C:\re\workspace\8-2-build-windows-amd64-cygwin\jdk8u111\7883\hotspot\src\share\vm\prims\jni.cpp, line 709]
Event: 0.210 Thread 0x00000000031e0800 Exception <a 'java/lang/NoSuchFieldError': method resolution failed> (0x00000000eaf534f0) thrown at [C:\re\workspace\8-2-build-windows-amd64-cygwin\jdk8u111\7883\hotspot\src\share\vm\prims\methodHandles.cpp, line 1146]
Event: 0.214 Thread 0x00000000031e0800 Exception <a 'java/lang/NoSuchFieldError': method resolution failed> (0x00000000eaf608c0) thrown at [C:\re\workspace\8-2-build-windows-amd64-cygwin\jdk8u111\7883\hotspot\src\share\vm\prims\methodHandles.cpp, line 1146]
Event: 0.281 Thread 0x0000000017d16800 Exception <a 'java/io/FileNotFoundException'> (0x00000000eb06ed58) thrown at [C:\re\workspace\8-2-build-windows-amd64-cygwin\jdk8u111\7883\hotspot\src\share\vm\prims\jni.cpp, line 709]

Events (10 events):
Event: 4370.037 Executing VM operation: ParallelGCFailedAllocation
Event: 4373.764 Executing VM operation: ParallelGCFailedAllocation done
Event: 4373.849 Thread 0x0000000017de7800 Uncommon trap: trap_request=0xffffff65 fr.pc=0x00000000036a72f8
Event: 4373.849 Thread 0x0000000017d0f800 Uncommon trap: trap_request=0xffffff65 fr.pc=0x00000000036a5c18
Event: 4373.849 Thread 0x0000000017d0f800 DEOPT PACKING pc=0x00000000036a5c18 sp=0x00000000185bf2f0
Event: 4373.849 Thread 0x0000000017d0f800 DEOPT UNPACKING pc=0x000000000332582a sp=0x00000000185bf290 mode 2
Event: 4373.849 Thread 0x0000000017de7800 DEOPT PACKING pc=0x00000000036a72f8 sp=0x000000001a26f430
Event: 4373.849 Thread 0x0000000017de7800 DEOPT UNPACKING pc=0x000000000332582a sp=0x000000001a26f370 mode 2
Event: 4374.124 loading class java/io/FileOutputStream$1
Event: 4374.248 loading class java/io/FileOutputStream$1 done


Dynamic libraries:
0x00007ff65a880000 - 0x00007ff65a8b7000 	C:\Program Files\Java\jre1.8.0_111\bin\javaw.exe
0x00007ffceb6f0000 - 0x00007ffceb8c1000 	C:\WINDOWS\SYSTEM32\ntdll.dll
0x00007ffce8df0000 - 0x00007ffce8e9b000 	C:\WINDOWS\System32\KERNEL32.DLL
0x00007ffce7c50000 - 0x00007ffce7e6d000 	C:\WINDOWS\System32\KERNELBASE.dll
0x00007ffce8d40000 - 0x00007ffce8de2000 	C:\WINDOWS\System32\ADVAPI32.dll
0x00007ffce8c80000 - 0x00007ffce8d1e000 	C:\WINDOWS\System32\msvcrt.dll
0x00007ffcea000000 - 0x00007ffcea059000 	C:\WINDOWS\System32\sechost.dll
0x00007ffce9bf0000 - 0x00007ffce9d11000 	C:\WINDOWS\System32\RPCRT4.dll
0x00007ffceb580000 - 0x00007ffceb6e5000 	C:\WINDOWS\System32\USER32.dll
0x00007ffce8480000 - 0x00007ffce849e000 	C:\WINDOWS\System32\win32u.dll
0x00007ffce94a0000 - 0x00007ffce94d4000 	C:\WINDOWS\System32\GDI32.dll
0x00007ffce8090000 - 0x00007ffce8212000 	C:\WINDOWS\System32\gdi32full.dll
0x00007ffce39a0000 - 0x00007ffce3c19000 	C:\WINDOWS\WinSxS\amd64_microsoft.windows.common-controls_6595b64144ccf1df_6.0.14393.447_none_42191651c6827bb3\COMCTL32.dll
0x00007ffce9d20000 - 0x00007ffce9fe8000 	C:\WINDOWS\System32\combase.dll
0x00007ffce84a0000 - 0x00007ffce8595000 	C:\WINDOWS\System32\ucrtbase.dll
0x00007ffce7be0000 - 0x00007ffce7c4a000 	C:\WINDOWS\System32\bcryptPrimitives.dll
0x00007ffce8ea0000 - 0x00007ffce8ece000 	C:\WINDOWS\System32\IMM32.DLL
0x000000006b470000 - 0x000000006b542000 	C:\Program Files\Java\jre1.8.0_111\bin\msvcr100.dll
0x000000006b7b0000 - 0x000000006c04a000 	C:\Program Files\Java\jre1.8.0_111\bin\server\jvm.dll
0x00007ffce8ed0000 - 0x00007ffce8ed8000 	C:\WINDOWS\System32\PSAPI.DLL
0x00007ffce0ce0000 - 0x00007ffce0ce9000 	C:\WINDOWS\SYSTEM32\WSOCK32.dll
0x00007ffce9370000 - 0x00007ffce93da000 	C:\WINDOWS\System32\WS2_32.dll
0x00007ffce4810000 - 0x00007ffce4833000 	C:\WINDOWS\SYSTEM32\WINMM.dll
0x00007ffce44f0000 - 0x00007ffce44fa000 	C:\WINDOWS\SYSTEM32\VERSION.dll
0x00007ffce3370000 - 0x00007ffce339b000 	C:\WINDOWS\SYSTEM32\WINMMBASE.dll
0x00007ffce7e70000 - 0x00007ffce7eb2000 	C:\WINDOWS\System32\cfgmgr32.dll
0x000000006c5e0000 - 0x000000006c5ef000 	C:\Program Files\Java\jre1.8.0_111\bin\verify.dll
0x000000006c5b0000 - 0x000000006c5d9000 	C:\Program Files\Java\jre1.8.0_111\bin\java.dll
0x000000006c590000 - 0x000000006c5a6000 	C:\Program Files\Java\jre1.8.0_111\bin\zip.dll
0x00007ffcea070000 - 0x00007ffceb579000 	C:\WINDOWS\System32\SHELL32.dll
0x00007ffce85a0000 - 0x00007ffce8c7a000 	C:\WINDOWS\System32\windows.storage.dll
0x00007ffce7b90000 - 0x00007ffce7bdc000 	C:\WINDOWS\System32\powrprof.dll
0x00007ffce8ee0000 - 0x00007ffce8f32000 	C:\WINDOWS\System32\shlwapi.dll
0x00007ffce7b60000 - 0x00007ffce7b6f000 	C:\WINDOWS\System32\kernel.appcore.dll
0x00007ffce82c0000 - 0x00007ffce8369000 	C:\WINDOWS\System32\shcore.dll
0x00007ffce7b70000 - 0x00007ffce7b84000 	C:\WINDOWS\System32\profapi.dll
0x000000006b610000 - 0x000000006b7a8000 	C:\Program Files\Java\jre1.8.0_111\bin\awt.dll
0x00007ffce97e0000 - 0x00007ffce989f000 	C:\WINDOWS\System32\OLEAUT32.dll
0x00007ffce8220000 - 0x00007ffce82bc000 	C:\WINDOWS\System32\msvcp_win.dll
0x00007ffce5ff0000 - 0x00007ffce606a000 	C:\WINDOWS\SYSTEM32\apphelp.dll
0x00007ffce62e0000 - 0x00007ffce6375000 	C:\WINDOWS\system32\uxtheme.dll
0x00007ffce95e0000 - 0x00007ffce973b000 	C:\WINDOWS\System32\MSCTF.dll
0x00007ffce1c70000 - 0x00007ffce1cb8000 	C:\Program Files (x86)\TeamViewer\tv_x64.dll
0x00007ffce98a0000 - 0x00007ffce99d7000 	C:\WINDOWS\System32\ole32.dll
0x00007ffce5a10000 - 0x00007ffce5a36000 	C:\WINDOWS\system32\dwmapi.dll
0x00007ffcd4b30000 - 0x00007ffcd4cbd000 	C:\WINDOWS\system32\d3d9.dll
0x00007ffcc2e70000 - 0x00007ffcc3d86000 	C:\WINDOWS\SYSTEM32\nvd3dumx.dll
0x000000006c570000 - 0x000000006c58a000 	C:\Program Files\Java\jre1.8.0_111\bin\net.dll
0x00007ffce7480000 - 0x00007ffce74dc000 	C:\WINDOWS\system32\mswsock.dll
0x00007ffce7260000 - 0x00007ffce7300000 	C:\WINDOWS\SYSTEM32\DNSAPI.dll
0x00007ffcea060000 - 0x00007ffcea068000 	C:\WINDOWS\System32\NSI.dll
0x00007ffce7210000 - 0x00007ffce7248000 	C:\WINDOWS\SYSTEM32\IPHLPAPI.DLL
0x00007ffcdb0a0000 - 0x00007ffcdb0aa000 	C:\Windows\System32\rasadhlp.dll
0x00007ffcdfa00000 - 0x00007ffcdfa6a000 	C:\WINDOWS\System32\fwpuclnt.dll
0x00007ffce7730000 - 0x00007ffce775b000 	C:\WINDOWS\SYSTEM32\bcrypt.dll
0x000000006b5c0000 - 0x000000006b607000 	C:\Program Files\Java\jre1.8.0_111\bin\fontmanager.dll
0x00007ffce9740000 - 0x00007ffce97df000 	C:\WINDOWS\System32\clbcatq.dll
0x00007ffce57c0000 - 0x00007ffce5968000 	C:\WINDOWS\SYSTEM32\WindowsCodecs.dll
0x00007ffcddb90000 - 0x00007ffcddbd9000 	C:\WINDOWS\system32\dataexchange.dll
0x00007ffce5b40000 - 0x00007ffce5c91000 	C:\WINDOWS\system32\dcomp.dll
0x00007ffce4ca0000 - 0x00007ffce4f56000 	C:\WINDOWS\system32\d3d11.dll
0x00007ffce6ae0000 - 0x00007ffce6b7f000 	C:\WINDOWS\system32\dxgi.dll
0x00007ffce65a0000 - 0x00007ffce66bc000 	C:\WINDOWS\system32\twinapi.appcore.dll
0x000000006c550000 - 0x000000006c561000 	C:\Program Files\Java\jre1.8.0_111\bin\nio.dll
0x000000006b570000 - 0x000000006b5b2000 	C:\Program Files\Java\jre1.8.0_111\bin\t2k.dll

VM Arguments:
jvm_args: -Dfile.encoding=Cp1252 
java_command: frame.produtos
java_class_path (initial): C:\Users\Desktop\Desktop\Cer - segurança eletronica\bin;C:\Users\Desktop\Documents\java\jcalendar-1.3.3.jar\jcalendar-1.3.3.jar;C:\Users\Desktop\Documents\java\mysql-connector-java-5.1.40\mysql-connector-java-5.1.40-bin.jar;C:\Users\Desktop\Documents\java\commons-io-2.5\commons-io-2.5.jar;C:\Users\Desktop\Documents\java\itextpdf-5.3.5.jar;C:\Users\Desktop\Documents\java\commons-dbutils-1.6\commons-dbutils-1.6.jar;C:\Users\Desktop\Documents\java\rs2xml.jar
Launcher Type: SUN_STANDARD

Environment Variables:
PATH=C:/Program Files/Java/jre1.8.0_111/bin/server;C:/Program Files/Java/jre1.8.0_111/bin;C:/Program Files/Java/jre1.8.0_111/lib/amd64;C:\ProgramData\Oracle\Java\javapath;C:\Program Files (x86)\Common Files\Intel\Shared Files\cpp\bin\Intel64;C:\Windows\system32;C:\Windows;C:\Windows\System32\Wbem;C:\Windows\System32\WindowsPowerShell\v1.0\;C:\Program Files (x86)\NVIDIA Corporation\PhysX\Common;C:\Program Files (x86)\QuickTime\QTSystem\;C:\WINDOWS\system32;C:\WINDOWS;C:\WINDOWS\System32\Wbem;C:\WINDOWS\System32\WindowsPowerShell\v1.0\;C:\Program Files\Common Files\Autodesk Shared\;C:\Program Files (x86)\Autodesk\Backburner\;C:\Users\Desktop\AppData\Local\Microsoft\WindowsApps;;C:\Program Files (x86)\eclipse-java-mars-R-win32-x86_64\eclipse;
USERNAME=Desktop
OS=Windows_NT
PROCESSOR_IDENTIFIER=Intel64 Family 6 Model 42 Stepping 7, GenuineIntel



---------------  S Y S T E M  ---------------

OS: Windows 10.0 , 64 bit Build 14393 (10.0.14393.0)

CPU:total 4 (2 cores per cpu, 2 threads per core) family 6 model 42 stepping 7, cmov, cx8, fxsr, mmx, sse, sse2, sse3, ssse3, sse4.1, sse4.2, popcnt, avx, clmul, ht, tsc, tscinvbit

Memory: 4k page, physical 4157664k(506032k free), swap 11082896k(2752k free)

vm_info: Java HotSpot(TM) 64-Bit Server VM (25.111-b14) for windows-amd64 JRE (1.8.0_111-b14), built on Sep 22 2016 19:24:05 by "java_re" with MS VC++ 10.0 (VS2010)

time: Thu Jan 19 10:31:30 2017
elapsed time: 4381 seconds (0d 1h 13m 1s)

