#
# There is insufficient memory for the Java Runtime Environment to continue.
# Native memory allocation (malloc) failed to allocate 1048576 bytes for AllocateHeap
# Possible reasons:
#   The system is out of physical RAM or swap space
#   In 32 bit mode, the process size limit was hit
# Possible solutions:
#   Reduce memory load on the system
#   Increase physical memory or swap space
#   Check if swap backing store is full
#   Use 64 bit Java on a 64 bit OS
#   Decrease Java heap size (-Xmx/-Xms)
#   Decrease number of Java threads
#   Decrease Java thread stack sizes (-Xss)
#   Set larger code cache with -XX:ReservedCodeCacheSize=
# This output file may be truncated or incomplete.
#
#  Out of Memory Error (memory/allocation.inline.hpp:61), pid=12684, tid=0x00000000000027d8
#
# JRE version:  (8.0_111-b14) (build )
# Java VM: Java HotSpot(TM) 64-Bit Server VM (25.111-b14 mixed mode windows-amd64 compressed oops)
# Failed to write core dump. Minidumps are not enabled by default on client versions of Windows
#

---------------  T H R E A D  ---------------

Current thread (0x0000000002ff0800):  JavaThread "Unknown thread" [_thread_in_vm, id=10200, stack(0x0000000001790000,0x0000000001890000)]

Stack: [0x0000000001790000,0x0000000001890000]
[error occurred during error reporting (printing stack bounds), id 0xc0000005]

Native frames: (J=compiled Java code, j=interpreted, Vv=VM code, C=native code)


---------------  P R O C E S S  ---------------

Java Threads: ( => current thread )

Other Threads:

=>0x0000000002ff0800 (exited) JavaThread "Unknown thread" [_thread_in_vm, id=10200, stack(0x0000000001790000,0x0000000001890000)]

VM state:not at safepoint (normal execution)

VM Mutex/Monitor currently owned by a thread: None

Heap:
 PSYoungGen      total 18944K, used 327K [0x00000000ead80000, 0x00000000ec280000, 0x0000000100000000)
  eden space 16384K, 2% used [0x00000000ead80000,0x00000000eadd1ec8,0x00000000ebd80000)
  from space 2560K, 0% used [0x00000000ec000000,0x00000000ec000000,0x00000000ec280000)
  to   space 2560K, 0% used [0x00000000ebd80000,0x00000000ebd80000,0x00000000ec000000)
 ParOldGen       total 44032K, used 0K [0x00000000c0800000, 0x00000000c3300000, 0x00000000ead80000)
  object space 44032K, 0% used [0x00000000c0800000,0x00000000c0800000,0x00000000c3300000)
 Metaspace       used 746K, capacity 4480K, committed 4480K, reserved 1056768K
  class space    used 75K, capacity 384K, committed 384K, reserved 1048576K

Card table byte_map: [0x0000000012580000,0x0000000012780000] byte_map_base: 0x0000000011f7c000

Marking Bits: (ParMarkBitMap*) 0x000000006bfca6c0
 Begin Bits: [0x0000000012ce0000, 0x0000000013cc0000)
 End Bits:   [0x0000000013cc0000, 0x0000000014ca0000)

Polling page: 0x00000000013b0000

CodeCache: size=245760Kb used=328Kb max_used=328Kb free=245431Kb
 bounds [0x00000000031c0000, 0x0000000003430000, 0x00000000121c0000]
 total_blobs=58 nmethods=0 adapters=38
 compilation: enabled

Compilation events (0 events):
No events

GC Heap History (0 events):
No events

Deoptimization events (0 events):
No events

Internal exceptions (0 events):
No events

Events (10 events):
Event: 0.030 loading class java/lang/Short
Event: 0.030 loading class java/lang/Short done
Event: 0.030 loading class java/lang/Integer
Event: 0.031 loading class java/lang/Integer done
Event: 0.031 loading class java/lang/Long
Event: 0.031 loading class java/lang/Long done
Event: 0.032 loading class java/lang/NullPointerException
Event: 0.032 loading class java/lang/NullPointerException done
Event: 0.032 loading class java/lang/ArithmeticException
Event: 0.032 loading class java/lang/ArithmeticException done


Dynamic libraries:
0x00007ff65a880000 - 0x00007ff65a8b7000 	C:\Program Files\Java\jre1.8.0_111\bin\javaw.exe
0x00007ffceb6f0000 - 0x00007ffceb8c1000 	C:\WINDOWS\SYSTEM32\ntdll.dll
0x00007ffce8df0000 - 0x00007ffce8e9b000 	C:\WINDOWS\System32\KERNEL32.DLL
0x00007ffce7c50000 - 0x00007ffce7e6d000 	C:\WINDOWS\System32\KERNELBASE.dll
0x00007ffce8d40000 - 0x00007ffce8de2000 	C:\WINDOWS\System32\ADVAPI32.dll
0x00007ffce8c80000 - 0x00007ffce8d1e000 	C:\WINDOWS\System32\msvcrt.dll
0x00007ffcea000000 - 0x00007ffcea059000 	C:\WINDOWS\System32\sechost.dll
0x00007ffce9bf0000 - 0x00007ffce9d11000 	C:\WINDOWS\System32\RPCRT4.dll
0x00007ffceb580000 - 0x00007ffceb6e5000 	C:\WINDOWS\System32\USER32.dll
0x00007ffce8480000 - 0x00007ffce849e000 	C:\WINDOWS\System32\win32u.dll
0x00007ffce94a0000 - 0x00007ffce94d4000 	C:\WINDOWS\System32\GDI32.dll
0x00007ffce8090000 - 0x00007ffce8212000 	C:\WINDOWS\System32\gdi32full.dll
0x00007ffce39a0000 - 0x00007ffce3c19000 	C:\WINDOWS\WinSxS\amd64_microsoft.windows.common-controls_6595b64144ccf1df_6.0.14393.447_none_42191651c6827bb3\COMCTL32.dll
0x00007ffce9d20000 - 0x00007ffce9fe8000 	C:\WINDOWS\System32\combase.dll
0x00007ffce84a0000 - 0x00007ffce8595000 	C:\WINDOWS\System32\ucrtbase.dll
0x00007ffce7be0000 - 0x00007ffce7c4a000 	C:\WINDOWS\System32\bcryptPrimitives.dll
0x00007ffce8ea0000 - 0x00007ffce8ece000 	C:\WINDOWS\System32\IMM32.DLL
0x000000006b470000 - 0x000000006b542000 	C:\Program Files\Java\jre1.8.0_111\bin\msvcr100.dll
0x000000006b7b0000 - 0x000000006c04a000 	C:\Program Files\Java\jre1.8.0_111\bin\server\jvm.dll
0x00007ffce8ed0000 - 0x00007ffce8ed8000 	C:\WINDOWS\System32\PSAPI.DLL
0x00007ffce0ce0000 - 0x00007ffce0ce9000 	C:\WINDOWS\SYSTEM32\WSOCK32.dll
0x00007ffce4810000 - 0x00007ffce4833000 	C:\WINDOWS\SYSTEM32\WINMM.dll
0x00007ffce9370000 - 0x00007ffce93da000 	C:\WINDOWS\System32\WS2_32.dll
0x00007ffce44f0000 - 0x00007ffce44fa000 	C:\WINDOWS\SYSTEM32\VERSION.dll
0x00007ffce3370000 - 0x00007ffce339b000 	C:\WINDOWS\SYSTEM32\WINMMBASE.dll
0x00007ffce7e70000 - 0x00007ffce7eb2000 	C:\WINDOWS\System32\cfgmgr32.dll
0x000000006c5e0000 - 0x000000006c5ef000 	C:\Program Files\Java\jre1.8.0_111\bin\verify.dll
0x000000006c5b0000 - 0x000000006c5d9000 	C:\Program Files\Java\jre1.8.0_111\bin\java.dll
0x000000006c590000 - 0x000000006c5a6000 	C:\Program Files\Java\jre1.8.0_111\bin\zip.dll

VM Arguments:
jvm_args: -Dfile.encoding=Cp1252 
java_command: frame.produtos
java_class_path (initial): C:\Users\Desktop\Desktop\Cer - segurança eletronica\bin;C:\Users\Desktop\Documents\java\jcalendar-1.3.3.jar\jcalendar-1.3.3.jar;C:\Users\Desktop\Documents\java\mysql-connector-java-5.1.40\mysql-connector-java-5.1.40-bin.jar;C:\Users\Desktop\Documents\java\commons-io-2.5\commons-io-2.5.jar;C:\Users\Desktop\Documents\java\itextpdf-5.3.5.jar;C:\Users\Desktop\Documents\java\commons-dbutils-1.6\commons-dbutils-1.6.jar;C:\Users\Desktop\Documents\java\rs2xml.jar
Launcher Type: SUN_STANDARD

Environment Variables:
PATH=C:/Program Files/Java/jre1.8.0_111/bin/server;C:/Program Files/Java/jre1.8.0_111/bin;C:/Program Files/Java/jre1.8.0_111/lib/amd64;C:\ProgramData\Oracle\Java\javapath;C:\Program Files (x86)\Common Files\Intel\Shared Files\cpp\bin\Intel64;C:\Windows\system32;C:\Windows;C:\Windows\System32\Wbem;C:\Windows\System32\WindowsPowerShell\v1.0\;C:\Program Files (x86)\NVIDIA Corporation\PhysX\Common;C:\Program Files (x86)\QuickTime\QTSystem\;C:\WINDOWS\system32;C:\WINDOWS;C:\WINDOWS\System32\Wbem;C:\WINDOWS\System32\WindowsPowerShell\v1.0\;C:\Program Files\Common Files\Autodesk Shared\;C:\Program Files (x86)\Autodesk\Backburner\;C:\Users\Desktop\AppData\Local\Microsoft\WindowsApps;;C:\Program Files (x86)\eclipse-java-mars-R-win32-x86_64\eclipse;
USERNAME=Desktop
OS=Windows_NT
PROCESSOR_IDENTIFIER=Intel64 Family 6 Model 42 Stepping 7, GenuineIntel



---------------  S Y S T E M  ---------------

OS: Windows 10.0 , 64 bit Build 14393 (10.0.14393.0)

CPU:total 4 (2 cores per cpu, 2 threads per core) family 6 model 42 stepping 7, cmov, cx8, fxsr, mmx, sse, sse2, sse3, ssse3, sse4.1, sse4.2, popcnt, avx, clmul, ht, tsc, tscinvbit

Memory: 4k page, physical 4157664k(826644k free), swap 11082896k(5780k free)

vm_info: Java HotSpot(TM) 64-Bit Server VM (25.111-b14) for windows-amd64 JRE (1.8.0_111-b14), built on Sep 22 2016 19:24:05 by "java_re" with MS VC++ 10.0 (VS2010)

time: Thu Jan 19 10:30:04 2017
elapsed time: 0 seconds (0d 0h 0m 0s)

