#
# There is insufficient memory for the Java Runtime Environment to continue.
# Native memory allocation (malloc) failed to allocate 368896 bytes for Chunk::new
# Possible reasons:
#   The system is out of physical RAM or swap space
#   In 32 bit mode, the process size limit was hit
# Possible solutions:
#   Reduce memory load on the system
#   Increase physical memory or swap space
#   Check if swap backing store is full
#   Use 64 bit Java on a 64 bit OS
#   Decrease Java heap size (-Xmx/-Xms)
#   Decrease number of Java threads
#   Decrease Java thread stack sizes (-Xss)
#   Set larger code cache with -XX:ReservedCodeCacheSize=
# This output file may be truncated or incomplete.
#
#  Out of Memory Error (allocation.cpp:390), pid=7608, tid=0x0000000000001e48
#
# JRE version: Java(TM) SE Runtime Environment (8.0_111-b14) (build 1.8.0_111-b14)
# Java VM: Java HotSpot(TM) 64-Bit Server VM (25.111-b14 mixed mode windows-amd64 compressed oops)
# Failed to write core dump. Minidumps are not enabled by default on client versions of Windows
#

---------------  T H R E A D  ---------------

Current thread (0x000000001658e800):  JavaThread "C2 CompilerThread0" daemon [_thread_in_native, id=7752, stack(0x0000000017c00000,0x0000000017d00000)]

Stack: [0x0000000017c00000,0x0000000017d00000]
[error occurred during error reporting (printing stack bounds), id 0xc0000005]

Native frames: (J=compiled Java code, j=interpreted, Vv=VM code, C=native code)


Current CompileTask:
C2:   3975 1027   !   4       sun.awt.image.PNGImageDecoder::produceImage (1916 bytes)


---------------  P R O C E S S  ---------------

Java Threads: ( => current thread )
  0x0000000018d24000 JavaThread "TimerQueue" daemon [_thread_blocked, id=9424, stack(0x000000001fa70000,0x000000001fb70000)]
  0x0000000018cf2000 JavaThread "Image Fetcher 1" daemon [_thread_blocked, id=324, stack(0x000000001f970000,0x000000001fa70000)]
  0x0000000018d6d800 JavaThread "Image Fetcher 0" daemon [_thread_blocked, id=9192, stack(0x000000001f650000,0x000000001f750000)]
  0x0000000018abd800 JavaThread "Abandoned connection cleanup thread" daemon [_thread_blocked, id=6004, stack(0x000000001a180000,0x000000001a280000)]
  0x0000000000e0e000 JavaThread "DestroyJavaVM" [_thread_blocked, id=7760, stack(0x0000000002a70000,0x0000000002b70000)]
  0x0000000018a21000 JavaThread "AWT-EventQueue-0" [_thread_in_native, id=14732, stack(0x0000000019e80000,0x0000000019f80000)]
  0x00000000189bb800 JavaThread "AWT-Windows" daemon [_thread_in_native, id=2888, stack(0x0000000019600000,0x0000000019700000)]
  0x00000000189b8800 JavaThread "AWT-Shutdown" [_thread_blocked, id=10468, stack(0x0000000019500000,0x0000000019600000)]
  0x00000000189b8000 JavaThread "Java2D Disposer" daemon [_thread_blocked, id=2868, stack(0x0000000019100000,0x0000000019200000)]
  0x0000000017f29800 JavaThread "Service Thread" daemon [_thread_blocked, id=3324, stack(0x0000000018300000,0x0000000018400000)]
  0x000000001659a000 JavaThread "C1 CompilerThread2" daemon [_thread_blocked, id=8572, stack(0x0000000017e00000,0x0000000017f00000)]
  0x0000000016593000 JavaThread "C2 CompilerThread1" daemon [_thread_blocked, id=7488, stack(0x0000000017d00000,0x0000000017e00000)]
=>0x000000001658e800 JavaThread "C2 CompilerThread0" daemon [_thread_in_native, id=7752, stack(0x0000000017c00000,0x0000000017d00000)]
  0x000000001658d000 JavaThread "Attach Listener" daemon [_thread_blocked, id=11892, stack(0x0000000017b00000,0x0000000017c00000)]
  0x000000001658c000 JavaThread "Signal Dispatcher" daemon [_thread_blocked, id=8336, stack(0x0000000017a00000,0x0000000017b00000)]
  0x0000000002c6b000 JavaThread "Finalizer" daemon [_thread_blocked, id=4116, stack(0x0000000017800000,0x0000000017900000)]
  0x0000000002c60000 JavaThread "Reference Handler" daemon [_thread_blocked, id=13964, stack(0x0000000017700000,0x0000000017800000)]

Other Threads:
  0x0000000016557000 VMThread [stack: 0x0000000017600000,0x0000000017700000] [id=7444]
  0x0000000017f45000 WatcherThread [stack: 0x0000000018800000,0x0000000018900000] [id=13244]

VM state:not at safepoint (normal execution)

VM Mutex/Monitor currently owned by a thread: None

Heap:
 PSYoungGen      total 28672K, used 14277K [0x00000000e0300000, 0x00000000e2380000, 0x0000000100000000)
  eden space 24576K, 58% used [0x00000000e0300000,0x00000000e10f1508,0x00000000e1b00000)
  from space 4096K, 0% used [0x00000000e1f00000,0x00000000e1f00000,0x00000000e2300000)
  to   space 4096K, 0% used [0x00000000e1b00000,0x00000000e1b00000,0x00000000e1f00000)
 ParOldGen       total 50176K, used 2622K [0x00000000a0800000, 0x00000000a3900000, 0x00000000e0300000)
  object space 50176K, 5% used [0x00000000a0800000,0x00000000a0a8fb38,0x00000000a3900000)
 Metaspace       used 17207K, capacity 17496K, committed 17792K, reserved 1067008K
  class space    used 2285K, capacity 2390K, committed 2432K, reserved 1048576K

Card table byte_map: [0x0000000012030000,0x0000000012330000] byte_map_base: 0x0000000011b2c000

Marking Bits: (ParMarkBitMap*) 0x000000006ca5a6c0
 Begin Bits: [0x0000000012930000, 0x0000000014110000)
 End Bits:   [0x0000000014110000, 0x00000000158f0000)

Polling page: 0x0000000000df0000

CodeCache: size=245760Kb used=3819Kb max_used=3830Kb free=241940Kb
 bounds [0x0000000002c70000, 0x0000000003030000, 0x0000000011c70000]
 total_blobs=1617 nmethods=1054 adapters=475
 compilation: enabled

Compilation events (10 events):
Event: 3.928 Thread 0x000000001659a000 1038       3       java.lang.Class::searchMethods (90 bytes)
Event: 3.929 Thread 0x000000001659a000 nmethod 1038 0x000000000301fd50 code [0x000000000301ffa0, 0x0000000003020f18]
Event: 3.931 Thread 0x000000001659a000 1039       3       java.awt.Component::isLightweight (8 bytes)
Event: 3.931 Thread 0x000000001659a000 nmethod 1039 0x000000000301f850 code [0x000000000301f9c0, 0x000000000301fcb0]
Event: 3.931 Thread 0x000000001659a000 1040  s    3       java.awt.Toolkit::getDefaultToolkit (24 bytes)
Event: 3.931 Thread 0x000000001659a000 nmethod 1040 0x00000000030268d0 code [0x0000000003026a60, 0x0000000003026eb8]
Event: 3.932 Thread 0x0000000016593000 1041       4       sun.java2d.loops.GraphicsPrimitiveMgr$2::compare (39 bytes)
Event: 3.933 Thread 0x0000000016593000 nmethod 1041 0x0000000003029cd0 code [0x0000000003029e20, 0x0000000003029ef8]
Event: 3.963 Thread 0x000000001659a000 1042       1       java.awt.Component::isVisible_NoClientCode (5 bytes)
Event: 3.963 Thread 0x000000001659a000 nmethod 1042 0x0000000003029a10 code [0x0000000003029b60, 0x0000000003029c70]

GC Heap History (8 events):
Event: 0.313 GC heap before
{Heap before GC invocations=1 (full 0):
 PSYoungGen      total 28672K, used 3014K [0x00000000e0300000, 0x00000000e2300000, 0x0000000100000000)
  eden space 24576K, 12% used [0x00000000e0300000,0x00000000e05f1868,0x00000000e1b00000)
  from space 4096K, 0% used [0x00000000e1f00000,0x00000000e1f00000,0x00000000e2300000)
  to   space 4096K, 0% used [0x00000000e1b00000,0x00000000e1b00000,0x00000000e1f00000)
 ParOldGen       total 65536K, used 0K [0x00000000a0800000, 0x00000000a4800000, 0x00000000e0300000)
  object space 65536K, 0% used [0x00000000a0800000,0x00000000a0800000,0x00000000a4800000)
 Metaspace       used 5761K, capacity 5856K, committed 6016K, reserved 1060864K
  class space    used 715K, capacity 777K, committed 896K, reserved 1048576K
Event: 0.316 GC heap after
Heap after GC invocations=1 (full 0):
 PSYoungGen      total 28672K, used 800K [0x00000000e0300000, 0x00000000e2300000, 0x0000000100000000)
  eden space 24576K, 0% used [0x00000000e0300000,0x00000000e0300000,0x00000000e1b00000)
  from space 4096K, 19% used [0x00000000e1b00000,0x00000000e1bc8020,0x00000000e1f00000)
  to   space 4096K, 0% used [0x00000000e1f00000,0x00000000e1f00000,0x00000000e2300000)
 ParOldGen       total 65536K, used 8K [0x00000000a0800000, 0x00000000a4800000, 0x00000000e0300000)
  object space 65536K, 0% used [0x00000000a0800000,0x00000000a0802000,0x00000000a4800000)
 Metaspace       used 5761K, capacity 5856K, committed 6016K, reserved 1060864K
  class space    used 715K, capacity 777K, committed 896K, reserved 1048576K
}
Event: 0.316 GC heap before
{Heap before GC invocations=2 (full 1):
 PSYoungGen      total 28672K, used 800K [0x00000000e0300000, 0x00000000e2300000, 0x0000000100000000)
  eden space 24576K, 0% used [0x00000000e0300000,0x00000000e0300000,0x00000000e1b00000)
  from space 4096K, 19% used [0x00000000e1b00000,0x00000000e1bc8020,0x00000000e1f00000)
  to   space 4096K, 0% used [0x00000000e1f00000,0x00000000e1f00000,0x00000000e2300000)
 ParOldGen       total 65536K, used 8K [0x00000000a0800000, 0x00000000a4800000, 0x00000000e0300000)
  object space 65536K, 0% used [0x00000000a0800000,0x00000000a0802000,0x00000000a4800000)
 Metaspace       used 5761K, capacity 5856K, committed 6016K, reserved 1060864K
  class space    used 715K, capacity 777K, committed 896K, reserved 1048576K
Event: 0.494 GC heap after
Heap after GC invocations=2 (full 1):
 PSYoungGen      total 28672K, used 0K [0x00000000e0300000, 0x00000000e2300000, 0x0000000100000000)
  eden space 24576K, 0% used [0x00000000e0300000,0x00000000e0300000,0x00000000e1b00000)
  from space 4096K, 0% used [0x00000000e1b00000,0x00000000e1b00000,0x00000000e1f00000)
  to   space 4096K, 0% used [0x00000000e1f00000,0x00000000e1f00000,0x00000000e2300000)
 ParOldGen       total 50176K, used 708K [0x00000000a0800000, 0x00000000a3900000, 0x00000000e0300000)
  object space 50176K, 1% used [0x00000000a0800000,0x00000000a08b1228,0x00000000a3900000)
 Metaspace       used 5761K, capacity 5856K, committed 6016K, reserved 1058816K
  class space    used 715K, capacity 777K, committed 896K, reserved 1048576K
}
Event: 0.922 GC heap before
{Heap before GC invocations=3 (full 1):
 PSYoungGen      total 28672K, used 8173K [0x00000000e0300000, 0x00000000e2300000, 0x0000000100000000)
  eden space 24576K, 33% used [0x00000000e0300000,0x00000000e0afb578,0x00000000e1b00000)
  from space 4096K, 0% used [0x00000000e1b00000,0x00000000e1b00000,0x00000000e1f00000)
  to   space 4096K, 0% used [0x00000000e1f00000,0x00000000e1f00000,0x00000000e2300000)
 ParOldGen       total 50176K, used 708K [0x00000000a0800000, 0x00000000a3900000, 0x00000000e0300000)
  object space 50176K, 1% used [0x00000000a0800000,0x00000000a08b1228,0x00000000a3900000)
 Metaspace       used 11652K, capacity 11916K, committed 12160K, reserved 1062912K
  class space    used 1560K, capacity 1646K, committed 1664K, reserved 1048576K
Event: 0.926 GC heap after
Heap after GC invocations=3 (full 1):
 PSYoungGen      total 28672K, used 2105K [0x00000000e0300000, 0x00000000e2380000, 0x0000000100000000)
  eden space 24576K, 0% used [0x00000000e0300000,0x00000000e0300000,0x00000000e1b00000)
  from space 4096K, 51% used [0x00000000e1f00000,0x00000000e210e720,0x00000000e2300000)
  to   space 4096K, 0% used [0x00000000e1b00000,0x00000000e1b00000,0x00000000e1f00000)
 ParOldGen       total 50176K, used 716K [0x00000000a0800000, 0x00000000a3900000, 0x00000000e0300000)
  object space 50176K, 1% used [0x00000000a0800000,0x00000000a08b3228,0x00000000a3900000)
 Metaspace       used 11652K, capacity 11916K, committed 12160K, reserved 1062912K
  class space    used 1560K, capacity 1646K, committed 1664K, reserved 1048576K
}
Event: 0.926 GC heap before
{Heap before GC invocations=4 (full 2):
 PSYoungGen      total 28672K, used 2105K [0x00000000e0300000, 0x00000000e2380000, 0x0000000100000000)
  eden space 24576K, 0% used [0x00000000e0300000,0x00000000e0300000,0x00000000e1b00000)
  from space 4096K, 51% used [0x00000000e1f00000,0x00000000e210e720,0x00000000e2300000)
  to   space 4096K, 0% used [0x00000000e1b00000,0x00000000e1b00000,0x00000000e1f00000)
 ParOldGen       total 50176K, used 716K [0x00000000a0800000, 0x00000000a3900000, 0x00000000e0300000)
  object space 50176K, 1% used [0x00000000a0800000,0x00000000a08b3228,0x00000000a3900000)
 Metaspace       used 11652K, capacity 11916K, committed 12160K, reserved 1062912K
  class space    used 1560K, capacity 1646K, committed 1664K, reserved 1048576K
Event: 0.945 GC heap after
Heap after GC invocations=4 (full 2):
 PSYoungGen      total 28672K, used 0K [0x00000000e0300000, 0x00000000e2380000, 0x0000000100000000)
  eden space 24576K, 0% used [0x00000000e0300000,0x00000000e0300000,0x00000000e1b00000)
  from space 4096K, 0% used [0x00000000e1f00000,0x00000000e1f00000,0x00000000e2300000)
  to   space 4096K, 0% used [0x00000000e1b00000,0x00000000e1b00000,0x00000000e1f00000)
 ParOldGen       total 50176K, used 2622K [0x00000000a0800000, 0x00000000a3900000, 0x00000000e0300000)
  object space 50176K, 5% used [0x00000000a0800000,0x00000000a0a8fb38,0x00000000a3900000)
 Metaspace       used 11652K, capacity 11916K, committed 12160K, reserved 1062912K
  class space    used 1560K, capacity 1646K, committed 1664K, reserved 1048576K
}

Deoptimization events (10 events):
Event: 0.850 Thread 0x0000000018a21000 Uncommon trap: reason=bimorphic action=maybe_recompile pc=0x0000000002e7b5b8 method=java.util.HashMap.getNode(ILjava/lang/Object;)Ljava/util/HashMap$Node; @ 126
Event: 0.850 Thread 0x0000000018a21000 Uncommon trap: reason=bimorphic action=maybe_recompile pc=0x0000000002e7b5b8 method=java.util.HashMap.getNode(ILjava/lang/Object;)Ljava/util/HashMap$Node; @ 126
Event: 0.857 Thread 0x0000000018a21000 Uncommon trap: reason=bimorphic action=maybe_recompile pc=0x0000000002e7b5b8 method=java.util.HashMap.getNode(ILjava/lang/Object;)Ljava/util/HashMap$Node; @ 126
Event: 0.858 Thread 0x0000000018a21000 Uncommon trap: reason=bimorphic action=maybe_recompile pc=0x0000000002e7b5b8 method=java.util.HashMap.getNode(ILjava/lang/Object;)Ljava/util/HashMap$Node; @ 126
Event: 3.805 Thread 0x00000000189bb800 Uncommon trap: reason=class_check action=maybe_recompile pc=0x0000000002f1b970 method=java.util.HashMap.putVal(ILjava/lang/Object;Ljava/lang/Object;ZZ)Ljava/lang/Object; @ 203
Event: 3.805 Thread 0x00000000189bb800 Uncommon trap: reason=class_check action=maybe_recompile pc=0x0000000002f1b9b0 method=java.util.HashMap.putVal(ILjava/lang/Object;Ljava/lang/Object;ZZ)Ljava/lang/Object; @ 91
Event: 3.805 Thread 0x00000000189bb800 Uncommon trap: reason=class_check action=maybe_recompile pc=0x0000000002f1b970 method=java.util.HashMap.putVal(ILjava/lang/Object;Ljava/lang/Object;ZZ)Ljava/lang/Object; @ 203
Event: 3.805 Thread 0x00000000189bb800 Uncommon trap: reason=class_check action=maybe_recompile pc=0x0000000002f1b970 method=java.util.HashMap.putVal(ILjava/lang/Object;Ljava/lang/Object;ZZ)Ljava/lang/Object; @ 203
Event: 3.911 Thread 0x0000000018cf2000 Uncommon trap: reason=unstable_if action=reinterpret pc=0x0000000003024990 method=sun.awt.image.PNGImageDecoder.produceImage()V @ 867
Event: 3.931 Thread 0x0000000018a21000 Uncommon trap: reason=class_check action=maybe_recompile pc=0x0000000002f85910 method=java.util.Hashtable.put(Ljava/lang/Object;Ljava/lang/Object;)Ljava/lang/Object; @ 60

Internal exceptions (10 events):
Event: 0.138 Thread 0x0000000000e0e000 Exception <a 'java/security/PrivilegedActionException'> (0x00000000e0424e50) thrown at [C:\re\workspace\8-2-build-windows-amd64-cygwin\jdk8u111\7883\hotspot\src\share\vm\prims\jvm.cpp, line 1386]
Event: 0.138 Thread 0x0000000000e0e000 Exception <a 'java/security/PrivilegedActionException'> (0x00000000e0425060) thrown at [C:\re\workspace\8-2-build-windows-amd64-cygwin\jdk8u111\7883\hotspot\src\share\vm\prims\jvm.cpp, line 1386]
Event: 0.139 Thread 0x0000000000e0e000 Exception <a 'java/security/PrivilegedActionException'> (0x00000000e0428ca8) thrown at [C:\re\workspace\8-2-build-windows-amd64-cygwin\jdk8u111\7883\hotspot\src\share\vm\prims\jvm.cpp, line 1386]
Event: 0.139 Thread 0x0000000000e0e000 Exception <a 'java/security/PrivilegedActionException'> (0x00000000e0428eb8) thrown at [C:\re\workspace\8-2-build-windows-amd64-cygwin\jdk8u111\7883\hotspot\src\share\vm\prims\jvm.cpp, line 1386]
Event: 0.171 Thread 0x0000000000e0e000 Exception <a 'java/io/FileNotFoundException'> (0x00000000e04602f8) thrown at [C:\re\workspace\8-2-build-windows-amd64-cygwin\jdk8u111\7883\hotspot\src\share\vm\prims\jni.cpp, line 709]
Event: 0.239 Thread 0x0000000000e0e000 Exception <a 'java/lang/NoSuchFieldError': method resolution failed> (0x00000000e052db38) thrown at [C:\re\workspace\8-2-build-windows-amd64-cygwin\jdk8u111\7883\hotspot\src\share\vm\prims\methodHandles.cpp, line 1146]
Event: 0.242 Thread 0x0000000000e0e000 Exception <a 'java/lang/NoSuchFieldError': method resolution failed> (0x00000000e053af08) thrown at [C:\re\workspace\8-2-build-windows-amd64-cygwin\jdk8u111\7883\hotspot\src\share\vm\prims\methodHandles.cpp, line 1146]
Event: 0.498 Thread 0x0000000000e0e000 Exception <a 'java/io/FileNotFoundException'> (0x00000000e0301b20) thrown at [C:\re\workspace\8-2-build-windows-amd64-cygwin\jdk8u111\7883\hotspot\src\share\vm\prims\jni.cpp, line 709]
Event: 0.717 Thread 0x0000000000e0e000 Exception <a 'java/io/FileNotFoundException'> (0x00000000e064d4a8) thrown at [C:\re\workspace\8-2-build-windows-amd64-cygwin\jdk8u111\7883\hotspot\src\share\vm\prims\jni.cpp, line 709]
Event: 2.756 Thread 0x0000000018a21000 Exception <a 'java/lang/NullPointerException'> (0x00000000e09d56a0) thrown at [C:\re\workspace\8-2-build-windows-amd64-cygwin\jdk8u111\7883\hotspot\src\share\vm\interpreter\linkResolver.cpp, line 1178]

Events (10 events):
Event: 3.929 loading class java/awt/AWTException done
Event: 3.929 loading class com/jtattoo/plaf/BaseTitlePane$WindowHandler
Event: 3.929 loading class com/jtattoo/plaf/BaseTitlePane$WindowHandler done
Event: 3.930 loading class com/jtattoo/plaf/BaseTitlePane$PropertyChangeHandler
Event: 3.930 loading class com/jtattoo/plaf/BaseTitlePane$PropertyChangeHandler done
Event: 3.931 Thread 0x0000000018a21000 Uncommon trap: trap_request=0xffffffde fr.pc=0x0000000002f85910
Event: 3.931 Thread 0x0000000018a21000 DEOPT PACKING pc=0x0000000002f85910 sp=0x0000000019f7dea0
Event: 3.931 Thread 0x0000000018a21000 DEOPT UNPACKING pc=0x0000000002cb582a sp=0x0000000019f7de78 mode 2
Event: 3.931 loading class sun/awt/windows/WLabelPeer
Event: 3.931 loading class sun/awt/windows/WLabelPeer done


Dynamic libraries:
0x00007ff6bc6d0000 - 0x00007ff6bc707000 	C:\Program Files\Java\jre1.8.0_111\bin\javaw.exe
0x00007ffd60590000 - 0x00007ffd60761000 	C:\WINDOWS\SYSTEM32\ntdll.dll
0x00007ffd5fdb0000 - 0x00007ffd5fe5b000 	C:\WINDOWS\System32\KERNEL32.DLL
0x00007ffd5d7e0000 - 0x00007ffd5d9fd000 	C:\WINDOWS\System32\KERNELBASE.dll
0x00007ffd5e330000 - 0x00007ffd5e3d2000 	C:\WINDOWS\System32\ADVAPI32.dll
0x00007ffd602a0000 - 0x00007ffd6033e000 	C:\WINDOWS\System32\msvcrt.dll
0x00007ffd5dc00000 - 0x00007ffd5dc59000 	C:\WINDOWS\System32\sechost.dll
0x00007ffd5de10000 - 0x00007ffd5df31000 	C:\WINDOWS\System32\RPCRT4.dll
0x00007ffd5dc60000 - 0x00007ffd5ddc5000 	C:\WINDOWS\System32\USER32.dll
0x00007ffd5d7c0000 - 0x00007ffd5d7de000 	C:\WINDOWS\System32\win32u.dll
0x00007ffd5ddd0000 - 0x00007ffd5de04000 	C:\WINDOWS\System32\GDI32.dll
0x00007ffd5d370000 - 0x00007ffd5d4f2000 	C:\WINDOWS\System32\gdi32full.dll
0x00007ffd53120000 - 0x00007ffd53399000 	C:\WINDOWS\WinSxS\amd64_microsoft.windows.common-controls_6595b64144ccf1df_6.0.14393.447_none_42191651c6827bb3\COMCTL32.dll
0x00007ffd5e040000 - 0x00007ffd5e308000 	C:\WINDOWS\System32\combase.dll
0x00007ffd5cb90000 - 0x00007ffd5cc85000 	C:\WINDOWS\System32\ucrtbase.dll
0x00007ffd5da00000 - 0x00007ffd5da6a000 	C:\WINDOWS\System32\bcryptPrimitives.dll
0x00007ffd5e3e0000 - 0x00007ffd5e40e000 	C:\WINDOWS\System32\IMM32.DLL
0x000000006ee70000 - 0x000000006ef42000 	C:\Program Files\Java\jre1.8.0_111\bin\msvcr100.dll
0x000000006c240000 - 0x000000006cada000 	C:\Program Files\Java\jre1.8.0_111\bin\server\jvm.dll
0x00007ffd5db90000 - 0x00007ffd5db98000 	C:\WINDOWS\System32\PSAPI.DLL
0x00007ffd5af00000 - 0x00007ffd5af23000 	C:\WINDOWS\SYSTEM32\WINMM.dll
0x00007ffd575c0000 - 0x00007ffd575ca000 	C:\WINDOWS\SYSTEM32\VERSION.dll
0x00007ffd5aed0000 - 0x00007ffd5aefb000 	C:\WINDOWS\SYSTEM32\WINMMBASE.dll
0x00007ffd5d770000 - 0x00007ffd5d7b2000 	C:\WINDOWS\System32\cfgmgr32.dll
0x00007ffd548b0000 - 0x00007ffd548b9000 	C:\WINDOWS\SYSTEM32\WSOCK32.dll
0x00007ffd5fd40000 - 0x00007ffd5fdaa000 	C:\WINDOWS\System32\WS2_32.dll
0x000000006ee60000 - 0x000000006ee6f000 	C:\Program Files\Java\jre1.8.0_111\bin\verify.dll
0x000000006ea80000 - 0x000000006eaa9000 	C:\Program Files\Java\jre1.8.0_111\bin\java.dll
0x000000006ea60000 - 0x000000006ea76000 	C:\Program Files\Java\jre1.8.0_111\bin\zip.dll
0x00007ffd5e410000 - 0x00007ffd5f919000 	C:\WINDOWS\System32\SHELL32.dll
0x00007ffd5cc90000 - 0x00007ffd5d36a000 	C:\WINDOWS\System32\windows.storage.dll
0x00007ffd5c9f0000 - 0x00007ffd5ca3c000 	C:\WINDOWS\System32\powrprof.dll
0x00007ffd5fce0000 - 0x00007ffd5fd32000 	C:\WINDOWS\System32\shlwapi.dll
0x00007ffd5ca70000 - 0x00007ffd5ca7f000 	C:\WINDOWS\System32\kernel.appcore.dll
0x00007ffd5da70000 - 0x00007ffd5db19000 	C:\WINDOWS\System32\shcore.dll
0x00007ffd5ca50000 - 0x00007ffd5ca64000 	C:\WINDOWS\System32\profapi.dll
0x000000006e8a0000 - 0x000000006ea38000 	C:\Program Files\Java\jre1.8.0_111\bin\awt.dll
0x00007ffd5fc20000 - 0x00007ffd5fcdf000 	C:\WINDOWS\System32\OLEAUT32.dll
0x00007ffd5d6d0000 - 0x00007ffd5d76c000 	C:\WINDOWS\System32\msvcp_win.dll
0x00007ffd5adc0000 - 0x00007ffd5ae3a000 	C:\WINDOWS\SYSTEM32\apphelp.dll
0x00007ffd5ad90000 - 0x00007ffd5adb6000 	C:\WINDOWS\system32\DWMAPI.DLL
0x00007ffd5b180000 - 0x00007ffd5b215000 	C:\WINDOWS\system32\uxtheme.dll
0x00007ffd5f980000 - 0x00007ffd5fadb000 	C:\WINDOWS\System32\MSCTF.dll
0x00007ffd47d90000 - 0x00007ffd47dd8000 	C:\Program Files (x86)\TeamViewer\tv_x64.dll
0x00007ffd5fae0000 - 0x00007ffd5fc17000 	C:\WINDOWS\System32\ole32.dll
0x000000006e830000 - 0x000000006e84a000 	C:\Program Files\Java\jre1.8.0_111\bin\net.dll
0x00007ffd5c320000 - 0x00007ffd5c37c000 	C:\WINDOWS\system32\mswsock.dll
0x00007ffd5c0f0000 - 0x00007ffd5c190000 	C:\WINDOWS\SYSTEM32\DNSAPI.dll
0x00007ffd5fe60000 - 0x00007ffd5fe68000 	C:\WINDOWS\System32\NSI.dll
0x00007ffd5c0b0000 - 0x00007ffd5c0e8000 	C:\WINDOWS\SYSTEM32\IPHLPAPI.DLL
0x00007ffd55680000 - 0x00007ffd5568a000 	C:\Windows\System32\rasadhlp.dll
0x00007ffd557b0000 - 0x00007ffd5581a000 	C:\WINDOWS\System32\fwpuclnt.dll
0x00007ffd5c5d0000 - 0x00007ffd5c5fb000 	C:\WINDOWS\SYSTEM32\bcrypt.dll
0x000000006e850000 - 0x000000006e897000 	C:\Program Files\Java\jre1.8.0_111\bin\fontmanager.dll
0x00007ffd45770000 - 0x00007ffd458fd000 	C:\WINDOWS\system32\d3d9.dll
0x00007ffd2aea0000 - 0x00007ffd2bf5c000 	C:\WINDOWS\System32\DriverStore\FileRepository\nv_dispiwu.inf_amd64_b67dc924fff8de6d\nvd3dumx.dll
0x00007ffd56ce0000 - 0x00007ffd56dc6000 	C:\Program Files (x86)\NVIDIA Corporation\3D Vision\nvSCPAPI64.dll
0x00007ffd5fe70000 - 0x00007ffd60299000 	C:\WINDOWS\System32\SETUPAPI.dll
0x000000006e810000 - 0x000000006e821000 	C:\Program Files\Java\jre1.8.0_111\bin\nio.dll
0x000000006e7c0000 - 0x000000006e802000 	C:\Program Files\Java\jre1.8.0_111\bin\t2k.dll
0x00007ffd604e0000 - 0x00007ffd6057f000 	C:\WINDOWS\System32\clbcatq.dll
0x00007ffd59e60000 - 0x00007ffd5a008000 	C:\WINDOWS\SYSTEM32\WindowsCodecs.dll
0x00007ffd522c0000 - 0x00007ffd52309000 	C:\WINDOWS\system32\dataexchange.dll
0x00007ffd59350000 - 0x00007ffd59606000 	C:\WINDOWS\system32\d3d11.dll
0x00007ffd5a870000 - 0x00007ffd5a9c1000 	C:\WINDOWS\system32\dcomp.dll
0x00007ffd5b980000 - 0x00007ffd5ba1f000 	C:\WINDOWS\system32\dxgi.dll
0x00007ffd5b4e0000 - 0x00007ffd5b5fc000 	C:\WINDOWS\system32\twinapi.appcore.dll

VM Arguments:
jvm_args: -Dfile.encoding=Cp1252 
java_command: frame.inicial
java_class_path (initial): C:\Users\Desktop\Desktop\Cer - segurança eletronica\bin;C:\Users\Desktop\Documents\java\commons-email-1.3.jar;C:\Users\Desktop\Documents\java\itextpdf-5.3.5.jar;C:\Users\Desktop\Documents\java\java-mail-1.4.4.jar;C:\Users\Desktop\Documents\java\javamail-mailapi-1.4.jar;C:\Users\Desktop\Documents\java\javax.mail-api-1.4.7.jar;C:\Users\Desktop\Documents\java\rs2xml.jar;C:\Users\Desktop\Documents\java\mysql-connector-java-5.1.40\mysql-connector-java-5.1.40-bin.jar;C:\Users\Desktop\Documents\java\jcalendar-1.3.3.jar\jcalendar-1.3.3.jar;C:\Users\Desktop\Documents\java\layout\JTattoo-1.6.11.jar;C:\Users\Desktop\Documents\java\layout\liquidlnf.jar;C:\Users\Desktop\Documents\java\layout\syntheticaAluOxide.jar;C:\Users\Desktop\Documents\java\layout\weblaf-complete-1.29.jar;C:\Users\Desktop\Documents\java\layout\syntheticaBlackMoon_2.9.6\syntheticaBlackMoon.jar
Launcher Type: SUN_STANDARD

Environment Variables:
PATH=C:/Program Files/Java/jre1.8.0_45/bin/server;C:/Program Files/Java/jre1.8.0_45/bin;C:/Program Files/Java/jre1.8.0_45/lib/amd64;C:\ProgramData\Oracle\Java\javapath;C:\Program Files (x86)\Common Files\Intel\Shared Files\cpp\bin\Intel64;C:\Windows\system32;C:\Windows;C:\Windows\System32\Wbem;C:\Windows\System32\WindowsPowerShell\v1.0\;C:\Program Files (x86)\NVIDIA Corporation\PhysX\Common;C:\Program Files (x86)\QuickTime\QTSystem\;C:\WINDOWS\system32;C:\WINDOWS;C:\WINDOWS\System32\Wbem;C:\WINDOWS\System32\WindowsPowerShell\v1.0\;C:\Program Files\Common Files\Autodesk Shared\;C:\Program Files (x86)\Autodesk\Backburner\;C:\Program Files (x86)\Microsoft SQL Server\100\Tools\Binn\;C:\Program Files\Microsoft SQL Server\100\Tools\Binn\;C:\Program Files\Microsoft SQL Server\100\DTS\Binn\;C:\Program Files (x86)\Skype\Phone\;C:\Program Files (x86)\Windows Kits\8.1\Windows Performance Toolkit\;C:\Program Files\Microsoft SQL Server\110\Tools\Binn\;C:\Program Files (x86)\Microsoft SQL Server\110\Tools\Binn\;C:\Program Files (x86)\Microsoft SQL Server\110\DTS\Binn\;C:\Program Files\Microsoft SQL Server\Client SDK\ODBC\110\Tools\Binn\;C:\Program Files (x86)\Microsoft SQL Server\120\Tools\Binn\;C:\Program Files\Microsoft SQL Server\120\Tools\Binn\;C:\Program Files\Microsoft SQL Server\120\DTS\Binn\;C:\Program Files (x86)\Microsoft SQL Server\120\Tools\Binn\ManagementStudio\;C:\Program Files (x86)\Microsoft SQL Server\120\DTS\Binn\;C:\Users\Desktop\AppData\Local\Microsoft\WindowsApps;;C:\Program Files (x86)\eclipse-java-mars-R-win32-x86_64\eclipse;
USERNAME=Desktop
OS=Windows_NT
PROCESSOR_IDENTIFIER=Intel64 Family 6 Model 42 Stepping 7, GenuineIntel



---------------  S Y S T E M  ---------------

OS: Windows 10.0 , 64 bit Build 14393 (10.0.14393.0)

CPU:total 4 (2 cores per cpu, 2 threads per core) family 6 model 42 stepping 7, cmov, cx8, fxsr, mmx, sse, sse2, sse3, ssse3, sse4.1, sse4.2, popcnt, avx, clmul, ht, tsc, tscinvbit

Memory: 4k page, physical 6254816k(1489596k free), swap 11252236k(72k free)

vm_info: Java HotSpot(TM) 64-Bit Server VM (25.111-b14) for windows-amd64 JRE (1.8.0_111-b14), built on Sep 22 2016 19:24:05 by "java_re" with MS VC++ 10.0 (VS2010)

time: Fri May 19 12:38:04 2017
elapsed time: 4 seconds (0d 0h 0m 4s)

