#
# There is insufficient memory for the Java Runtime Environment to continue.
# Native memory allocation (malloc) failed to allocate 1048576 bytes for AllocateHeap
# Possible reasons:
#   The system is out of physical RAM or swap space
#   In 32 bit mode, the process size limit was hit
# Possible solutions:
#   Reduce memory load on the system
#   Increase physical memory or swap space
#   Check if swap backing store is full
#   Use 64 bit Java on a 64 bit OS
#   Decrease Java heap size (-Xmx/-Xms)
#   Decrease number of Java threads
#   Decrease Java thread stack sizes (-Xss)
#   Set larger code cache with -XX:ReservedCodeCacheSize=
# This output file may be truncated or incomplete.
#
#  Out of Memory Error (memory/allocation.inline.hpp:61), pid=3496, tid=0x00000000000037f0
#
# JRE version:  (8.0_111-b14) (build )
# Java VM: Java HotSpot(TM) 64-Bit Server VM (25.111-b14 mixed mode windows-amd64 compressed oops)
# Failed to write core dump. Minidumps are not enabled by default on client versions of Windows
#

---------------  T H R E A D  ---------------

Current thread (0x0000000002fee000):  JavaThread "Unknown thread" [_thread_in_vm, id=14320, stack(0x00000000030a0000,0x00000000031a0000)]

Stack: [0x00000000030a0000,0x00000000031a0000]
[error occurred during error reporting (printing stack bounds), id 0xc0000005]

Native frames: (J=compiled Java code, j=interpreted, Vv=VM code, C=native code)


---------------  P R O C E S S  ---------------

Java Threads: ( => current thread )

Other Threads:

=>0x0000000002fee000 (exited) JavaThread "Unknown thread" [_thread_in_vm, id=14320, stack(0x00000000030a0000,0x00000000031a0000)]

VM state:not at safepoint (normal execution)

VM Mutex/Monitor currently owned by a thread: None

Heap:
 PSYoungGen      total 28672K, used 491K [0x00000000e0300000, 0x00000000e2300000, 0x0000000100000000)
  eden space 24576K, 2% used [0x00000000e0300000,0x00000000e037ae20,0x00000000e1b00000)
  from space 4096K, 0% used [0x00000000e1f00000,0x00000000e1f00000,0x00000000e2300000)
  to   space 4096K, 0% used [0x00000000e1b00000,0x00000000e1b00000,0x00000000e1f00000)
 ParOldGen       total 65536K, used 0K [0x00000000a0800000, 0x00000000a4800000, 0x00000000e0300000)
  object space 65536K, 0% used [0x00000000a0800000,0x00000000a0800000,0x00000000a4800000)
 Metaspace       used 746K, capacity 4480K, committed 4480K, reserved 1056768K
  class space    used 75K, capacity 384K, committed 384K, reserved 1048576K

Card table byte_map: [0x0000000012660000,0x0000000012960000] byte_map_base: 0x000000001215c000

Marking Bits: (ParMarkBitMap*) 0x000000005bf0a6c0
 Begin Bits: [0x0000000012f60000, 0x0000000014740000)
 End Bits:   [0x0000000014740000, 0x0000000015f20000)

Polling page: 0x0000000002fc0000

CodeCache: size=245760Kb used=328Kb max_used=328Kb free=245431Kb
 bounds [0x00000000032a0000, 0x0000000003510000, 0x00000000122a0000]
 total_blobs=58 nmethods=0 adapters=38
 compilation: enabled

Compilation events (0 events):
No events

GC Heap History (0 events):
No events

Deoptimization events (0 events):
No events

Internal exceptions (0 events):
No events

Events (10 events):
Event: 0.029 loading class java/lang/Short
Event: 0.029 loading class java/lang/Short done
Event: 0.029 loading class java/lang/Integer
Event: 0.029 loading class java/lang/Integer done
Event: 0.029 loading class java/lang/Long
Event: 0.029 loading class java/lang/Long done
Event: 0.030 loading class java/lang/NullPointerException
Event: 0.030 loading class java/lang/NullPointerException done
Event: 0.030 loading class java/lang/ArithmeticException
Event: 0.030 loading class java/lang/ArithmeticException done


Dynamic libraries:
0x00007ff763350000 - 0x00007ff763387000 	C:\Program Files\Java\jre1.8.0_111\bin\javaw.exe
0x00007ffdf7960000 - 0x00007ffdf7b31000 	C:\WINDOWS\SYSTEM32\ntdll.dll
0x00007ffdf75d0000 - 0x00007ffdf767b000 	C:\WINDOWS\System32\KERNEL32.DLL
0x00007ffdf4a20000 - 0x00007ffdf4c3d000 	C:\WINDOWS\System32\KERNELBASE.dll
0x00007ffdf7520000 - 0x00007ffdf75c2000 	C:\WINDOWS\System32\ADVAPI32.dll
0x00007ffdf7160000 - 0x00007ffdf71fe000 	C:\WINDOWS\System32\msvcrt.dll
0x00007ffdf7100000 - 0x00007ffdf7159000 	C:\WINDOWS\System32\sechost.dll
0x00007ffdf6a40000 - 0x00007ffdf6b61000 	C:\WINDOWS\System32\RPCRT4.dll
0x00007ffdf77f0000 - 0x00007ffdf7955000 	C:\WINDOWS\System32\USER32.dll
0x00007ffdf4ed0000 - 0x00007ffdf4eee000 	C:\WINDOWS\System32\win32u.dll
0x00007ffdf6fc0000 - 0x00007ffdf6ff4000 	C:\WINDOWS\System32\GDI32.dll
0x00007ffdf4c40000 - 0x00007ffdf4dc2000 	C:\WINDOWS\System32\gdi32full.dll
0x00007ffdeeb90000 - 0x00007ffdeee09000 	C:\WINDOWS\WinSxS\amd64_microsoft.windows.common-controls_6595b64144ccf1df_6.0.14393.447_none_42191651c6827bb3\COMCTL32.dll
0x00007ffdf6cf0000 - 0x00007ffdf6fb8000 	C:\WINDOWS\System32\combase.dll
0x00007ffdf4dd0000 - 0x00007ffdf4ec5000 	C:\WINDOWS\System32\ucrtbase.dll
0x00007ffdf4010000 - 0x00007ffdf407a000 	C:\WINDOWS\System32\bcryptPrimitives.dll
0x00007ffdf6840000 - 0x00007ffdf686e000 	C:\WINDOWS\System32\IMM32.DLL
0x000000005bf90000 - 0x000000005c062000 	C:\Program Files\Java\jre1.8.0_111\bin\msvcr100.dll
0x000000005b6f0000 - 0x000000005bf8a000 	C:\Program Files\Java\jre1.8.0_111\bin\server\jvm.dll
0x00007ffdf6830000 - 0x00007ffdf6838000 	C:\WINDOWS\System32\PSAPI.DLL
0x00007ffde01e0000 - 0x00007ffde01e9000 	C:\WINDOWS\SYSTEM32\WSOCK32.dll
0x00007ffdf6870000 - 0x00007ffdf68da000 	C:\WINDOWS\System32\WS2_32.dll
0x00007ffdf0b30000 - 0x00007ffdf0b3a000 	C:\WINDOWS\SYSTEM32\VERSION.dll
0x00007ffdf20e0000 - 0x00007ffdf2103000 	C:\WINDOWS\SYSTEM32\WINMM.dll
0x00007ffdf2090000 - 0x00007ffdf20bb000 	C:\WINDOWS\SYSTEM32\WINMMBASE.dll
0x00007ffdf49d0000 - 0x00007ffdf4a12000 	C:\WINDOWS\System32\cfgmgr32.dll
0x000000005b6e0000 - 0x000000005b6ef000 	C:\Program Files\Java\jre1.8.0_111\bin\verify.dll
0x000000005b6b0000 - 0x000000005b6d9000 	C:\Program Files\Java\jre1.8.0_111\bin\java.dll
0x000000005b690000 - 0x000000005b6a6000 	C:\Program Files\Java\jre1.8.0_111\bin\zip.dll

VM Arguments:
jvm_args: -Dfile.encoding=Cp1252 
java_command: frame.produtos
java_class_path (initial): C:\Users\Desktop\Desktop\Cer - segurança eletronica\bin;C:\Users\Desktop\Documents\java\commons-email-1.3.jar;C:\Users\Desktop\Documents\java\itextpdf-5.3.5.jar;C:\Users\Desktop\Documents\java\java-mail-1.4.4.jar;C:\Users\Desktop\Documents\java\javamail-mailapi-1.4.jar;C:\Users\Desktop\Documents\java\javax.mail-api-1.4.7.jar;C:\Users\Desktop\Documents\java\rs2xml.jar;C:\Users\Desktop\Documents\java\mysql-connector-java-5.1.40\mysql-connector-java-5.1.40-bin.jar;C:\Users\Desktop\Documents\java\jcalendar-1.3.3.jar\jcalendar-1.3.3.jar;C:\Users\Desktop\Documents\java\layout\JTattoo-1.6.11.jar;C:\Users\Desktop\Documents\java\layout\liquidlnf.jar;C:\Users\Desktop\Documents\java\layout\syntheticaAluOxide.jar;C:\Users\Desktop\Documents\java\layout\weblaf-complete-1.29.jar;C:\Users\Desktop\Documents\java\layout\syntheticaBlackMoon_2.9.6\syntheticaBlackMoon.jar
Launcher Type: SUN_STANDARD

Environment Variables:
PATH=C:/Program Files/Java/jre1.8.0_45/bin/server;C:/Program Files/Java/jre1.8.0_45/bin;C:/Program Files/Java/jre1.8.0_45/lib/amd64;C:\ProgramData\Oracle\Java\javapath;C:\Program Files (x86)\Common Files\Intel\Shared Files\cpp\bin\Intel64;C:\Windows\system32;C:\Windows;C:\Windows\System32\Wbem;C:\Windows\System32\WindowsPowerShell\v1.0\;C:\Program Files (x86)\NVIDIA Corporation\PhysX\Common;C:\Program Files (x86)\QuickTime\QTSystem\;C:\WINDOWS\system32;C:\WINDOWS;C:\WINDOWS\System32\Wbem;C:\WINDOWS\System32\WindowsPowerShell\v1.0\;C:\Program Files\Common Files\Autodesk Shared\;C:\Program Files (x86)\Autodesk\Backburner\;C:\Program Files (x86)\Microsoft SQL Server\100\Tools\Binn\;C:\Program Files\Microsoft SQL Server\100\Tools\Binn\;C:\Program Files\Microsoft SQL Server\100\DTS\Binn\;C:\Program Files (x86)\Skype\Phone\;C:\Program Files (x86)\Windows Kits\8.1\Windows Performance Toolkit\;C:\Program Files\Microsoft SQL Server\110\Tools\Binn\;C:\Program Files (x86)\Microsoft SQL Server\110\Tools\Binn\;C:\Program Files (x86)\Microsoft SQL Server\110\DTS\Binn\;C:\Program Files\Microsoft SQL Server\Client SDK\ODBC\110\Tools\Binn\;C:\Program Files (x86)\Microsoft SQL Server\120\Tools\Binn\;C:\Program Files\Microsoft SQL Server\120\Tools\Binn\;C:\Program Files\Microsoft SQL Server\120\DTS\Binn\;C:\Program Files (x86)\Microsoft SQL Server\120\Tools\Binn\ManagementStudio\;C:\Program Files (x86)\Microsoft SQL Server\120\DTS\Binn\;C:\Users\Desktop\AppData\Local\Microsoft\WindowsApps;;C:\Program Files (x86)\eclipse-java-mars-R-win32-x86_64\eclipse;
USERNAME=Desktop
OS=Windows_NT
PROCESSOR_IDENTIFIER=Intel64 Family 6 Model 42 Stepping 7, GenuineIntel



---------------  S Y S T E M  ---------------

OS: Windows 10.0 , 64 bit Build 14393 (10.0.14393.0)

CPU:total 4 (2 cores per cpu, 2 threads per core) family 6 model 42 stepping 7, cmov, cx8, fxsr, mmx, sse, sse2, sse3, ssse3, sse4.1, sse4.2, popcnt, avx, clmul, ht, tsc, tscinvbit

Memory: 4k page, physical 6254816k(1293264k free), swap 25129184k(16464k free)

vm_info: Java HotSpot(TM) 64-Bit Server VM (25.111-b14) for windows-amd64 JRE (1.8.0_111-b14), built on Sep 22 2016 19:24:05 by "java_re" with MS VC++ 10.0 (VS2010)

time: Tue May 23 23:19:39 2017
elapsed time: 0 seconds (0d 0h 0m 0s)

